<?xml version="1.0" encoding="UTF-8"?>
<!-- Generated by org.testng.reporters.JUnitXMLReporter -->
<testsuite hostname="GorkyMugil-VAIO" name="Hubspot Functional Regression Test" tests="6" failures="0" timestamp="8 Jun 2020 07:00:05 GMT" time="44.468" errors="0">
  <testcase name="verifyLoginPageTitle" time="11.662" classname="com.qa.hubspot.tests.LoginPageTest"/>
  <testcase name="verifySignUpLinkTest" time="0.599" classname="com.qa.hubspot.tests.LoginPageTest"/>
  <testcase name="LoginTest" time="8.151" classname="com.qa.hubspot.tests.LoginPageTest"/>
  <testcase name="verifyHomePageTitleTest" time="0.022" classname="com.qa.hubspot.tests.HomePageTest"/>
  <testcase name="verifyHomePageHeaderTest" time="0.487" classname="com.qa.hubspot.tests.HomePageTest"/>
  <testcase name="VerifyDashboardNameTest" time="0.479" classname="com.qa.hubspot.tests.HomePageTest"/>
</testsuite> <!-- Hubspot Functional Regression Test -->
