<?xml version="1.0" encoding="UTF-8"?>
<!-- Generated by org.testng.reporters.JUnitXMLReporter -->
<testsuite hostname="GorkyMugil-VAIO" ignored="1" name="Surefire test" tests="6" failures="0" timestamp="08 Jun 2020 07:21:58 GMT" time="0.078" errors="0">
  <testcase name="@BeforeTest setUp" time="0.015" classname="com.qa.hubspot.tests.HomePageTest">
    <failure type="java.lang.NullPointerException">
      <![CDATA[java.lang.NullPointerException
at com.qa.hubspot.basepage.BasePage.init_Driver(BasePage.java:29)
at com.qa.hubspot.tests.HomePageTest.setUp(HomePageTest.java:31)
... Removed 29 stack frames]]>
    </failure>
  </testcase> <!-- @BeforeTest setUp -->
  <testcase name="@BeforeTest setUp" time="0.0" classname="com.qa.hubspot.tests.LoginPageTest">
    <skipped/>
  </testcase> <!-- @BeforeTest setUp -->
  <testcase name="@AfterTest tearDown" time="0.0" classname="com.qa.hubspot.tests.HomePageTest">
    <skipped/>
  </testcase> <!-- @AfterTest tearDown -->
  <testcase name="@AfterTest tearDown" time="0.0" classname="com.qa.hubspot.tests.LoginPageTest">
    <skipped/>
  </testcase> <!-- @AfterTest tearDown -->
  <testcase name="verifyHomePageTitleTest" time="0.0" classname="com.qa.hubspot.tests.HomePageTest">
    <skipped/>
  </testcase> <!-- verifyHomePageTitleTest -->
  <testcase name="verifyLoginPageTitle" time="0.0" classname="com.qa.hubspot.tests.LoginPageTest">
    <skipped/>
  </testcase> <!-- verifyLoginPageTitle -->
  <testcase name="verifyHomePageHeaderTest" time="0.0" classname="com.qa.hubspot.tests.HomePageTest">
    <skipped/>
  </testcase> <!-- verifyHomePageHeaderTest -->
  <testcase name="verifySignUpLinkTest" time="0.0" classname="com.qa.hubspot.tests.LoginPageTest">
    <skipped/>
  </testcase> <!-- verifySignUpLinkTest -->
  <testcase name="VerifyDashboardNameTest" time="0.0" classname="com.qa.hubspot.tests.HomePageTest">
    <skipped/>
  </testcase> <!-- VerifyDashboardNameTest -->
  <testcase name="LoginTest" time="0.0" classname="com.qa.hubspot.tests.LoginPageTest">
    <skipped/>
  </testcase> <!-- LoginTest -->
  <testcase name="InvalidLoginTest" time="0.0" classname="com.qa.hubspot.tests.LoginPageTest">
    <ignored/>
  </testcase> <!-- InvalidLoginTest -->
</testsuite> <!-- Surefire test -->
